<?xml version="1.0" encoding="UTF-8"?>
<!-- Generated by org.testng.reporters.JUnitReportReporter -->
<testsuite hostname="Anuhya" failures="0" tests="1" name="mahenderdevops.mahenderdevops.mahiclass" time="6.181" errors="0" timestamp="2024-10-17T19:13:29 IST" skipped="0">
  <testcase classname="mahenderdevops.mahenderdevops.mahiclass" name="start" time="6.181"/>
</testsuite> <!-- mahenderdevops.mahenderdevops.mahiclass -->
