<?xml version="1.0" encoding="UTF-8"?>
<!-- Generated by org.testng.reporters.JUnitReportReporter -->
<testsuite hostname="Anuhya" failures="0" tests="1" name="mahenderdevops.mahenderdevops.mahiclass" time="7.373" errors="0" timestamp="2024-10-17T10:30:14 IST" skipped="0">
  <testcase classname="mahenderdevops.mahenderdevops.mahiclass" name="start" time="7.373"/>
</testsuite> <!-- mahenderdevops.mahenderdevops.mahiclass -->
