<?xml version="1.0" encoding="UTF-8"?>
<!-- Generated by org.testng.reporters.JUnitReportReporter -->
<testsuite hostname="Anuhya" failures="0" tests="1" name="mahenderdevops.mahenderdevops.mahiclass" time="10.756" errors="0" timestamp="2024-10-17T10:38:17 IST" skipped="0">
  <testcase classname="mahenderdevops.mahenderdevops.mahiclass" name="start" time="10.756"/>
</testsuite> <!-- mahenderdevops.mahenderdevops.mahiclass -->
